{"target": 2.0, "params": {"x0": 5.0, "x1": 1.0, "x10": 0.0, "x11": 0.0, "x12": 0.0, "x13": 0.0, "x2": 1.0, "x3": 1.0, "x4": 10.0, "x5": 0.0, "x6": 0.0, "x7": 0.0, "x8": 0.0, "x9": 0.0}, "datetime": {"datetime": "2023-06-25 23:21:04", "elapsed": 0.0, "delta": 0.0}}
{"target": 3.0, "params": {"x0": 7.777024105738201, "x1": 2.375412200349123, "x10": 8.242785326613685, "x11": 9.657491980429997, "x12": 9.726011139048934, "x13": 4.534492474173122, "x2": 6.090424627612779, "x3": 7.755265146048467, "x4": 64.16133447590691, "x5": 7.220182295169471, "x6": 0.35036524101437316, "x7": 2.984494708891794, "x8": 5.851249188207475, "x9": 85.70609425871989}, "datetime": {"datetime": "2023-06-26 01:16:15", "elapsed": 6910.935192, "delta": 6910.935192}}
{"target": 1.0, "params": {"x0": 3.728540278748075, "x1": 6.798479515780969, "x10": 2.562799493266301, "x11": 3.4758121515249196, "x12": 0.09412770080969413, "x13": 3.5833378270496974, "x2": 9.490941816782104, "x3": 2.178990091316889, "x4": 31.93913663803646, "x5": 9.177723860005875, "x6": 0.3190366643989473, "x7": 0.6508453704251449, "x8": 62.982899910782294, "x9": 87.38134432795387}, "datetime": {"datetime": "2023-06-26 03:11:30", "elapsed": 13825.807091, "delta": 6914.871899}}
{"target": 1.0, "params": {"x0": 0.08715732303784862, "x1": 7.465772369939375, "x10": 8.128411710026235, "x11": 0.7571744617226672, "x12": 6.564553345969578, "x13": 5.092622000835182, "x2": 4.798833914963831, "x3": 9.555741449310663, "x4": 0.00120335694850926, "x5": 2.4697870099191634, "x6": 7.122326779115835, "x7": 3.2458204978671312, "x8": 27.699635638380947, "x9": 69.54454525534746}, "datetime": {"datetime": "2023-06-26 05:27:07", "elapsed": 21963.446201, "delta": 8137.63911}}
{"target": 3.0, "params": {"x0": 9.185517481459488, "x1": 2.4447570219799033, "x10": 4.580858172767637, "x11": 2.529926828215064, "x12": 3.7933329148306614, "x13": 6.0453882863171104, "x2": 7.723787596805581, "x3": 0.679174967944145, "x4": 68.60850791873135, "x5": 5.482600973958252, "x6": 1.3798605275825726, "x7": 0.9875321920491842, "x8": 24.555910532465564, "x9": 15.17866625844726}, "datetime": {"datetime": "2023-06-26 07:22:56", "elapsed": 28912.499438, "delta": 6949.053237}}
{"target": 11.0, "params": {"x0": 9.259944794902179, "x1": 6.801050156046421, "x10": 2.376589218796833, "x11": 5.688852525565604, "x12": 5.566320514344026, "x13": 0.7273721088434781, "x2": 8.397085104160709, "x3": 4.053194926981314, "x4": 14.48709890463251, "x5": 1.9092005866659367, "x6": 4.906401370651609, "x7": 7.120243742497533, "x8": 98.4938457701008, "x9": 87.47865017350445}, "datetime": {"datetime": "2023-06-26 09:20:51", "elapsed": 35986.831999, "delta": 7074.332561}}
{"target": 16.0, "params": {"x0": 8.099135919309138, "x1": 2.8316023161923534, "x10": 8.744227674751327, "x11": 7.856058151792071, "x12": 6.024819631881106, "x13": 0.8815118198452199, "x2": 9.920923714841777, "x3": 7.265682961139202, "x4": 16.00179440771573, "x5": 5.613848992105289, "x6": 0.9048762573156555, "x7": 5.253182802253223, "x8": 96.27259235931554, "x9": 88.81094376044003}, "datetime": {"datetime": "2023-06-26 11:20:54", "elapsed": 43189.960351, "delta": 7203.128352}}
{"target": 11.0, "params": {"x0": 8.431031922251291, "x1": 2.1373071860469417, "x10": 6.263030476242668, "x11": 7.485085062626299, "x12": 4.360740690881967, "x13": 3.770902491170162, "x2": 9.010138021171214, "x3": 3.7452716963321664, "x4": 12.902992238564082, "x5": 1.7562311825743349, "x6": 9.21154506914383, "x7": 5.943935475315408, "x8": 94.96946378317746, "x9": 87.5474553143126}, "datetime": {"datetime": "2023-06-26 13:22:46", "elapsed": 50502.069642, "delta": 7312.109291}}
{"target": 8.0, "params": {"x0": 5.423793685685212, "x1": 5.493357389671887, "x10": 1.9539472062266372, "x11": 6.174167503233936, "x12": 9.278776295480327, "x13": 1.0763611204151424, "x2": 4.491257913492278, "x3": 3.244002500657536, "x4": 15.968652278722551, "x5": 5.411976423926359, "x6": 5.62855408500617, "x7": 8.647876673987303, "x8": 98.04096203137838, "x9": 82.59081887388417}, "datetime": {"datetime": "2023-06-26 15:20:37", "elapsed": 57572.774874, "delta": 7070.705232}}
{"target": 0.0, "params": {"x0": 5.697310235921781, "x1": 0.7682939877025319, "x10": 6.468325308912112, "x11": 8.442630699890742, "x12": 1.7551438455464885, "x13": 4.2577996642564075, "x2": 9.461584039531234, "x3": 6.656005552833085, "x4": 18.506223289681024, "x5": 3.8616237249984064, "x6": 0.45160058125508273, "x7": 6.52411893097709, "x8": 94.14966224378632, "x9": 87.44113632271782}, "datetime": {"datetime": "2023-06-26 17:20:05", "elapsed": 64740.925287, "delta": 7168.150413}}
{"target": 15.0, "params": {"x0": 4.95940805942586, "x1": 3.248659035012796, "x10": 6.172541826645568, "x11": 1.7322395125035384, "x12": 7.609296040356076, "x13": 4.601148831767579, "x2": 1.49410315290199, "x3": 2.634930327198697, "x4": 94.49299243219, "x5": 7.384849141086901, "x6": 1.4324114083856399, "x7": 5.3925131329436224, "x8": 72.7965115872734, "x9": 58.58802962819243}, "datetime": {"datetime": "2023-06-26 19:16:54", "elapsed": 71750.231165, "delta": 7009.305878}}
{"target": 23.0, "params": {"x0": 1.9257769271036862, "x1": 6.86484012963911, "x10": 8.988015042187246, "x11": 6.663636522943425, "x12": 5.166503472018982, "x13": 5.0502102417213655, "x2": 5.040880116516298, "x3": 7.530186019248948, "x4": 6.115177489852308, "x5": 1.5985614860103015, "x6": 7.89301764944393, "x7": 9.8890505355358, "x8": 19.22820015208312, "x9": 81.07714086490283}, "datetime": {"datetime": "2023-06-26 21:16:54", "elapsed": 78950.373231, "delta": 7200.142066}}
{"target": 25.0, "params": {"x0": 2.9226253859788343, "x1": 8.900371868960455, "x10": 3.4508019055848282, "x11": 9.085173941784252, "x12": 6.3025213220839005, "x13": 1.6305521810167412, "x2": 4.0726885285650685, "x3": 1.8693250700265407, "x4": 21.582489361874003, "x5": 3.705363882058086, "x6": 0.1634110526303889, "x7": 5.3069114460626965, "x8": 90.42188726166759, "x9": 30.555502735965277}, "datetime": {"datetime": "2023-06-26 23:11:46", "elapsed": 85842.343908, "delta": 6891.970677}}
{"target": 3.0, "params": {"x0": 3.996479713851737, "x1": 2.9547803223005156, "x10": 5.696042815681702, "x11": 4.624677311722199, "x12": 4.2659707558066895, "x13": 3.4036214901102877, "x2": 4.987904321446135, "x3": 4.977982882913183, "x4": 61.94699402533993, "x5": 3.392394094905604, "x6": 0.8135984594570567, "x7": 5.475382683017374, "x8": 46.059518235634044, "x9": 25.892520443206102}, "datetime": {"datetime": "2023-06-27 01:06:19", "elapsed": 92714.941484, "delta": 6872.597576}}
{"target": 0.0, "params": {"x0": 5.000640628195948, "x1": 5.976080667103183, "x10": 1.8155811183245152, "x11": 1.930054885183049, "x12": 8.138110335368921, "x13": 5.396439296330394, "x2": 7.898706958042629, "x3": 6.809379609962873, "x4": 57.845582832133125, "x5": 2.6491648836815695, "x6": 0.9532656875435519, "x7": 5.566111448163976, "x8": 16.003631978978483, "x9": 40.41012891811814}, "datetime": {"datetime": "2023-06-27 02:59:59", "elapsed": 99534.963369, "delta": 6820.021885}}
{"target": 2.0, "params": {"x0": 8.578884795258976, "x1": 2.872759080940707, "x10": 7.9272736998050695, "x11": 9.740765617529114, "x12": 3.994484143397743, "x13": 7.147341294516227, "x2": 0.31530400113252477, "x3": 7.685856578957634, "x4": 59.33558708832562, "x5": 5.6458302292264895, "x6": 8.070868871932003, "x7": 4.333186736424215, "x8": 53.48482763095287, "x9": 56.90338606935945}, "datetime": {"datetime": "2023-06-27 04:54:47", "elapsed": 106423.163738, "delta": 6888.200369}}
